CONFIG
+-- data
|   `-- _target_: src.data.ImageCaptionDataModule                                                                       
|       data_dir: C:\Image-Captioning/data/                                                                             
|       train_val_test_split:                                                                                           
|       - 0.8                                                                                                           
|       - 0.1                                                                                                           
|       - 0.1                                                                                                           
|       batch_size: 2                                                                                                   
|       num_workers: 10                                                                                                 
|       pin_memory: true                                                                                                
|       dataset_name: flickr8k                                                                                          
|                                                                                                                       
+-- model
|   `-- net:                                                                                                            
|         _target_: src.models.components.image_caption_net.ImageCaptionNet                                             
|         image_embed_net:                                                                                              
|           _target_: src.models.components.image_embedding.InceptionNet                                                
|           drop_rate: 0.5                                                                                              
|           image_features: 256                                                                                         
|         text_embed_net:                                                                                               
|           _target_: src.models.components.text_embedding.Transformer                                                  
|           num_tokens: 1741                                                                                            
|           dim_model: 256                                                                                              
|           num_heads: 8                                                                                                
|           num_encoder_layers: 6                                                                                       
|           num_decoder_layers: 6                                                                                       
|           dropout_p: 0.1                                                                                              
|         features: 256                                                                                                 
|         dataset_dir: C:\Image-Captioning/data//flickr8k                                                               
|       _target_: src.models.ImageCaptionModule                                                                         
|       optimizer:                                                                                                      
|         _target_: torch.optim.Adam                                                                                    
|         _partial_: true                                                                                               
|         lr: 0.0001                                                                                                    
|         weight_decay: 0.0                                                                                             
|       scheduler:                                                                                                      
|         _target_: torch.optim.lr_scheduler.ReduceLROnPlateau                                                          
|         _partial_: true                                                                                               
|         mode: min                                                                                                     
|         factor: 0.1                                                                                                   
|         patience: 10                                                                                                  
|       dataset_dir: C:\Image-Captioning/data//flickr8k                                                                 
|                                                                                                                       
+-- callbacks
|   `-- model_checkpoint:                                                                                               
|         _target_: lightning.pytorch.callbacks.ModelCheckpoint                                                         
|         dirpath: C:\Image-Captioning\logs\train\runs\2024-12-07_01-45-34/checkpoints                                  
|         filename: epoch_{epoch:03d}                                                                                   
|         monitor: val/acc                                                                                              
|         verbose: false                                                                                                
|         save_last: true                                                                                               
|         save_top_k: 1                                                                                                 
|         mode: max                                                                                                     
|         auto_insert_metric_name: false                                                                                
|         save_weights_only: false                                                                                      
|         every_n_train_steps: null                                                                                     
|         train_time_interval: null                                                                                     
|         every_n_epochs: null                                                                                          
|         save_on_train_epoch_end: null                                                                                 
|       early_stopping:                                                                                                 
|         _target_: lightning.pytorch.callbacks.EarlyStopping                                                           
|         monitor: val/acc                                                                                              
|         min_delta: 0.0                                                                                                
|         patience: 100                                                                                                 
|         verbose: false                                                                                                
|         mode: max                                                                                                     
|         strict: true                                                                                                  
|         check_finite: true                                                                                            
|         stopping_threshold: null                                                                                      
|         divergence_threshold: null                                                                                    
|         check_on_train_epoch_end: null                                                                                
|       model_summary:                                                                                                  
|         _target_: lightning.pytorch.callbacks.RichModelSummary                                                        
|         max_depth: -1                                                                                                 
|       rich_progress_bar:                                                                                              
|         _target_: lightning.pytorch.callbacks.RichProgressBar                                                         
|                                                                                                                       
+-- logger
|   `-- wandb:                                                                                                          
|         _target_: lightning.pytorch.loggers.wandb.WandbLogger                                                         
|         save_dir: C:\Image-Captioning\logs\train\runs\2024-12-07_01-45-34                                             
|         offline: false                                                                                                
|         id: null                                                                                                      
|         anonymous: null                                                                                               
|         project: image_caption                                                                                        
|         log_model: false                                                                                              
|         prefix: ''                                                                                                    
|         group: flickr8k                                                                                               
|         tags:                                                                                                         
|         - dev                                                                                                         
|         job_type: ''                                                                                                  
|         name: 2024-12-07_01-45-34                                                                                     
|                                                                                                                       
+-- trainer
|   `-- _target_: lightning.pytorch.trainer.Trainer                                                                     
|       default_root_dir: C:\Image-Captioning\logs\train\runs\2024-12-07_01-45-34                                       
|       min_epochs: 1                                                                                                   
|       max_epochs: 30                                                                                                  
|       accelerator: gpu                                                                                                
|       devices: 1                                                                                                      
|       check_val_every_n_epoch: 1                                                                                      
|       deterministic: false                                                                                            
|                                                                                                                       
+-- paths
|   `-- root_dir: C:\Image-Captioning                                                                                   
|       data_dir: C:\Image-Captioning/data/                                                                             
|       log_dir: C:\Image-Captioning/logs/                                                                              
|       output_dir: C:\Image-Captioning\logs\train\runs\2024-12-07_01-45-34                                             
|       work_dir: C:\Image-Captioning                                                                                   
|                                                                                                                       
+-- extras
|   `-- ignore_warnings: false                                                                                          
|       enforce_tags: true                                                                                              
|       print_config: true                                                                                              
|                                                                                                                       
+-- task_name
|   `-- train                                                                                                           
+-- tags
|   `-- ['dev']                                                                                                         
+-- train
|   `-- True                                                                                                            
+-- test
|   `-- True                                                                                                            
+-- ckpt_path
|   `-- None                                                                                                            
`-- seed
    `-- 12345                                                                                                           
